<!DOCTYPE html PUBLIC "-//W3C//DTD XHTML 1.1//EN" "https://www.w3.org/TR/xhtml11/DTD/xhtml11.dtd">
<html xmlns="https://www.w3.org/1999/xhtml">
<head>
<meta http-equiv="content-type" content="text/html; charset=UTF-8"/>
<title>TestNG Report</title>
<style type="text/css">table {margin-bottom:10px;border-collapse:collapse;empty-cells:show}th,td {border:1px solid #009;padding:.25em .5em}th {vertical-align:bottom}td {vertical-align:top}table a {font-weight:bold}.stripe td {background-color: #E6EBF9}.num {text-align:right}.passedodd td {background-color: #3F3}.passedeven td {background-color: #0A0}.skippedodd td {background-color: #DDD}.skippedeven td {background-color: #CCC}.failedodd td,.attn {background-color: #F33}.failedeven td,.stripe .attn {background-color: #D00}.stacktrace {white-space:pre;font-family:monospace}.totop {font-size:85%;text-align:center;border-bottom:2px solid #000}.invisible {display:none}</style>
</head>
<body>
<table>
<tr><th>Test</th><th># Passed</th><th># Skipped</th><th># Retried</th><th># Failed</th><th>Time (ms)</th><th>Included Groups</th><th>Excluded Groups</th></tr>
<tr><th colspan="8">Suite</th></tr>
<tr><td><a href="#t0">HrmTest1</a></td><td class="num">15</td><td class="num">0</td><td class="num">0</td><td class="num attn">11</td><td class="num">1,043,730</td><td></td><td></td></tr>
<tr class="stripe"><td><a href="#t1">HrmTest2</a></td><td class="num">0</td><td class="num">0</td><td class="num">0</td><td class="num attn">3</td><td class="num">23,370</td><td></td><td></td></tr>
<tr><th>Total</th><th class="num">15</th><th class="num">0</th><th class="num">0</th><th class="num attn">14</th><th class="num">1,067,100</th><th colspan="2"></th></tr>
</table>
<table id='summary'><thead><tr><th>Class</th><th>Method</th><th>Start</th><th>Time (ms)</th></tr></thead><tbody><tr><th colspan="4">Suite</th></tr></tbody><tbody id="t0"><tr><th colspan="4">HrmTest1 &#8212; failed</th></tr><tr class="failedeven"><td rowspan="1">com.hrm.testcases.TC_001_VerifyHomePage</td><td><a href="#m0">compareHomePageScreenshot</a></td><td rowspan="1">1694978740383</td><td rowspan="1">14768</td></tr><tr class="failedodd"><td rowspan="1">com.hrm.testcases.TC_002_VerifyHomeLoginWithCredentials</td><td><a href="#m1">validPasswordAttempt</a></td><td rowspan="1">1694978807171</td><td rowspan="1">16010</td></tr><tr class="failedeven"><td rowspan="3">com.hrm.testcases.TC_003_VerifyAdminModule</td><td><a href="#m2">compareAddUserScreenshot</a></td><td rowspan="1">1694979324587</td><td rowspan="1">17248</td></tr><tr class="failedeven"><td><a href="#m3">verifyByAddingNewDuplicateUsername</a></td><td rowspan="1">1694979364586</td><td rowspan="1">36608</td></tr><tr class="failedeven"><td><a href="#m4">verifyNonExistingEmployeeNameRecords</a></td><td rowspan="1">1694979262356</td><td rowspan="1">11923</td></tr><tr class="failedodd"><td rowspan="6">com.hrm.testcases.TC_004_FieldLevelValidations</td><td><a href="#m5">validatingAddUserWhenEmployeeNameFieldIsEmpty</a></td><td rowspan="1">1694979423234</td><td rowspan="1">24266</td></tr><tr class="failedodd"><td><a href="#m6">validatingAddUserWhenEmployeeNameFieldValuesAreLessThanMinimum</a></td><td rowspan="1">1694979468967</td><td rowspan="1">22671</td></tr><tr class="failedodd"><td><a href="#m7">validatingAddUserWhenUserameFieldIsEmpty</a></td><td rowspan="1">1694979513365</td><td rowspan="1">19829</td></tr><tr class="failedodd"><td><a href="#m8">verfyAddUserUsernameFieldForOnlyAlphaNumeric</a></td><td rowspan="1">1694979554264</td><td rowspan="1">23614</td></tr><tr class="failedodd"><td><a href="#m9">verifyAddUserUsernameFieldValueLimit</a></td><td rowspan="1">1694979602515</td><td rowspan="1">25320</td></tr><tr class="failedodd"><td><a href="#m10">verifyLoginWithTwoWrongAttempts</a></td><td rowspan="1">1694979649799</td><td rowspan="1">6829</td></tr><tr><th colspan="4">HrmTest1 &#8212; passed</th></tr><tr class="passedeven"><td rowspan="1">com.hrm.testcases.TC_002_VerifyHomeLoginWithCredentials</td><td><a href="#m11">invalidPasswordAttempt</a></td><td rowspan="1">1694978780446</td><td rowspan="1">7034</td></tr><tr class="passedodd"><td rowspan="11">com.hrm.testcases.TC_003_VerifyAdminModule</td><td><a href="#m12">deleteUser</a></td><td rowspan="1">1694978849778</td><td rowspan="1">31948</td></tr><tr class="passedodd"><td><a href="#m13">verifyAdminPageContents</a></td><td rowspan="1">1694978901642</td><td rowspan="1">8816</td></tr><tr class="passedodd"><td><a href="#m14">verifyExistingEmployeeNameRecords</a></td><td rowspan="1">1694979219893</td><td rowspan="1">18572</td></tr><tr class="passedodd"><td><a href="#m15">verifyResultsForStatusDisabled</a></td><td rowspan="1">1694978987168</td><td rowspan="1">27039</td></tr><tr class="passedodd"><td><a href="#m16">verifyResultsForStatusEnabled</a></td><td rowspan="1">1694978934369</td><td rowspan="1">20991</td></tr><tr class="passedodd"><td><a href="#m17">verifyResultsForUserRoleAdmin</a></td><td rowspan="1">1694979076349</td><td rowspan="1">15295</td></tr><tr class="passedodd"><td><a href="#m18">verifyResultsForUserRoleESS</a></td><td rowspan="1">1694979035727</td><td rowspan="1">18175</td></tr><tr class="passedodd"><td><a href="#m19">verifySearchResultWithExistingUsername</a></td><td rowspan="1">1694979190666</td><td rowspan="1">10798</td></tr><tr class="passedodd"><td><a href="#m20">verifyStatusAfterAddingNewUser</a></td><td rowspan="1">1694979148771</td><td rowspan="1">21633</td></tr><tr class="passedodd"><td><a href="#m21">verifyStatusContentsInDropDown</a></td><td rowspan="1">1694979294005</td><td rowspan="1">11523</td></tr><tr class="passedodd"><td><a href="#m22">verifyUserRoleOptions</a></td><td rowspan="1">1694979116823</td><td rowspan="1">7946</td></tr><tr class="passedeven"><td rowspan="2">com.hrm.testcases.TC_005_VerifyLogoutModule</td><td><a href="#m23">verifyContentsOfTheUserProfileBtn</a></td><td rowspan="1">1694979676652</td><td rowspan="1">9566</td></tr><tr class="passedeven"><td><a href="#m24">verifyLogout</a></td><td rowspan="1">1694979705696</td><td rowspan="1">12293</td></tr><tr class="passedodd"><td rowspan="1">com.hrm.testcases.TC_007_VerifyDashboardModule</td><td><a href="#m25">verifyDashboardPageContents</a></td><td rowspan="1">1694979739366</td><td rowspan="1">10997</td></tr></tbody>
<tbody id="t1"><tr><th colspan="4">HrmTest2 &#8212; failed</th></tr><tr class="failedeven"><td rowspan="3">com.hrm.testcases.TC_006_DataDrivenTestingFor3FailedAttempts</td><td><a href="#m26">verifyLoginWithThreeWrongAttempts</a></td><td rowspan="3">1694979773296</td><td rowspan="3">1796</td></tr><tr class="failedeven"><td><a href="#m27">verifyLoginWithThreeWrongAttempts</a></td></tr><tr class="failedeven"><td><a href="#m28">verifyLoginWithThreeWrongAttempts</a></td></tr></tbody>
</table>
<h2>HrmTest1</h2><h3 id="m0">com.hrm.testcases.TC_001_VerifyHomePage#compareHomePageScreenshot</h3><table class="result"><tr><th>Exception</th></tr><tr><td><div class="stacktrace">java.lang.AssertionError: The following asserts failed:
	expected [false] but found [true]
	at com.hrm.testcases.TC_001_VerifyHomePage.compareHomePageScreenshot(TC_001_VerifyHomePage.java:39)
	at java.base/java.util.ArrayList.forEach(ArrayList.java:1511)
... Removed 27 stack frames</div></td></tr></table><p class="totop"><a href="#summary">back to summary</a></p>
<h3 id="m1">com.hrm.testcases.TC_002_VerifyHomeLoginWithCredentials#validPasswordAttempt</h3><table class="result"><tr><th>Exception</th></tr><tr><td><div class="stacktrace">java.lang.AssertionError: The following asserts failed:
	expected [true] but found [false]
	at com.hrm.testcases.TC_002_VerifyHomeLoginWithCredentials.validPasswordAttempt(TC_002_VerifyHomeLoginWithCredentials.java:83)
	at java.base/java.util.ArrayList.forEach(ArrayList.java:1511)
... Removed 27 stack frames</div></td></tr></table><p class="totop"><a href="#summary">back to summary</a></p>
<h3 id="m2">com.hrm.testcases.TC_003_VerifyAdminModule#compareAddUserScreenshot</h3><table class="result"><tr><th>Exception</th></tr><tr><td><div class="stacktrace">java.lang.AssertionError: The following asserts failed:
	expected [true] but found [false],
	expected [true] but found [false]
	at com.hrm.testcases.TC_003_VerifyAdminModule.compareAddUserScreenshot(TC_003_VerifyAdminModule.java:471)
	at java.base/java.util.ArrayList.forEach(ArrayList.java:1511)
... Removed 27 stack frames</div></td></tr></table><p class="totop"><a href="#summary">back to summary</a></p>
<h3 id="m3">com.hrm.testcases.TC_003_VerifyAdminModule#verifyByAddingNewDuplicateUsername</h3><table class="result"><tr><th>Exception</th></tr><tr><td><div class="stacktrace">java.lang.AssertionError: The following asserts failed:
	expected [true] but found [false],
	expected [true] but found [false],
	expected [true] but found [false]
	at com.hrm.testcases.TC_003_VerifyAdminModule.verifyByAddingNewDuplicateUsername(TC_003_VerifyAdminModule.java:594)
	at java.base/java.util.ArrayList.forEach(ArrayList.java:1511)
... Removed 27 stack frames</div></td></tr></table><p class="totop"><a href="#summary">back to summary</a></p>
<h3 id="m4">com.hrm.testcases.TC_003_VerifyAdminModule#verifyNonExistingEmployeeNameRecords</h3><table class="result"><tr><th>Exception</th></tr><tr><td><div class="stacktrace">java.lang.AssertionError: The following asserts failed:
	expected [true] but found [false]
	at com.hrm.testcases.TC_003_VerifyAdminModule.verifyNonExistingEmployeeNameRecords(TC_003_VerifyAdminModule.java:299)
	at java.base/java.util.ArrayList.forEach(ArrayList.java:1511)
... Removed 27 stack frames</div></td></tr></table><p class="totop"><a href="#summary">back to summary</a></p>
<h3 id="m5">com.hrm.testcases.TC_004_FieldLevelValidations#validatingAddUserWhenEmployeeNameFieldIsEmpty</h3><table class="result"><tr><th>Exception</th></tr><tr><td><div class="stacktrace">java.lang.AssertionError: The following asserts failed:
	expected [true] but found [false]
	at com.hrm.testcases.TC_004_FieldLevelValidations.validatingAddUserWhenEmployeeNameFieldIsEmpty(TC_004_FieldLevelValidations.java:103)
	at java.base/java.util.ArrayList.forEach(ArrayList.java:1511)
... Removed 27 stack frames</div></td></tr></table><p class="totop"><a href="#summary">back to summary</a></p>
<h3 id="m6">com.hrm.testcases.TC_004_FieldLevelValidations#validatingAddUserWhenEmployeeNameFieldValuesAreLessThanMinimum</h3><table class="result"><tr><th>Exception</th></tr><tr><td><div class="stacktrace">java.lang.AssertionError: The following asserts failed:
	expected [true] but found [false],
	expected [true] but found [false]
	at com.hrm.testcases.TC_004_FieldLevelValidations.validatingAddUserWhenEmployeeNameFieldValuesAreLessThanMinimum(TC_004_FieldLevelValidations.java:157)
	at java.base/java.util.ArrayList.forEach(ArrayList.java:1511)
... Removed 27 stack frames</div></td></tr></table><p class="totop"><a href="#summary">back to summary</a></p>
<h3 id="m7">com.hrm.testcases.TC_004_FieldLevelValidations#validatingAddUserWhenUserameFieldIsEmpty</h3><table class="result"><tr><th>Exception</th></tr><tr><td><div class="stacktrace">java.lang.AssertionError: The following asserts failed:
	expected [true] but found [false],
	expected [true] but found [false],
	expected [true] but found [false]
	at com.hrm.testcases.TC_004_FieldLevelValidations.validatingAddUserWhenUserameFieldIsEmpty(TC_004_FieldLevelValidations.java:207)
	at java.base/java.util.ArrayList.forEach(ArrayList.java:1511)
... Removed 27 stack frames</div></td></tr></table><p class="totop"><a href="#summary">back to summary</a></p>
<h3 id="m8">com.hrm.testcases.TC_004_FieldLevelValidations#verfyAddUserUsernameFieldForOnlyAlphaNumeric</h3><table class="result"><tr><th>Exception</th></tr><tr><td><div class="stacktrace">java.lang.AssertionError: The following asserts failed:
	expected [true] but found [false],
	expected [true] but found [false],
	expected [true] but found [false],
	expected [true] but found [false]
	at com.hrm.testcases.TC_004_FieldLevelValidations.verfyAddUserUsernameFieldForOnlyAlphaNumeric(TC_004_FieldLevelValidations.java:333)
	at java.base/java.util.ArrayList.forEach(ArrayList.java:1511)
... Removed 27 stack frames</div></td></tr></table><p class="totop"><a href="#summary">back to summary</a></p>
<h3 id="m9">com.hrm.testcases.TC_004_FieldLevelValidations#verifyAddUserUsernameFieldValueLimit</h3><table class="result"><tr><th>Exception</th></tr><tr><td><div class="stacktrace">java.lang.AssertionError: The following asserts failed:
	expected [true] but found [false],
	expected [true] but found [false],
	expected [true] but found [false],
	expected [true] but found [false],
	expected [true] but found [false],
	expected [true] but found [false]
	at com.hrm.testcases.TC_004_FieldLevelValidations.verifyAddUserUsernameFieldValueLimit(TC_004_FieldLevelValidations.java:281)
	at java.base/java.util.ArrayList.forEach(ArrayList.java:1511)
... Removed 27 stack frames</div></td></tr></table><p class="totop"><a href="#summary">back to summary</a></p>
<h3 id="m10">com.hrm.testcases.TC_004_FieldLevelValidations#verifyLoginWithTwoWrongAttempts</h3><table class="result"><tr><th>Exception</th></tr><tr><td><div class="stacktrace">java.lang.AssertionError: The following asserts failed:
	expected [true] but found [false],
	expected [true] but found [false],
	expected [true] but found [false],
	expected [true] but found [false],
	expected [true] but found [false],
	expected [true] but found [false],
	expected [true] but found [false]
	at com.hrm.testcases.TC_004_FieldLevelValidations.verifyLoginWithTwoWrongAttempts(TC_004_FieldLevelValidations.java:52)
	at java.base/java.util.ArrayList.forEach(ArrayList.java:1511)
... Removed 27 stack frames</div></td></tr></table><p class="totop"><a href="#summary">back to summary</a></p>
<h3 id="m11">com.hrm.testcases.TC_002_VerifyHomeLoginWithCredentials#invalidPasswordAttempt</h3><table class="result"><tr><th class="invisible"/></tr></table><p class="totop"><a href="#summary">back to summary</a></p>
<h3 id="m12">com.hrm.testcases.TC_003_VerifyAdminModule#deleteUser</h3><table class="result"><tr><th class="invisible"/></tr></table><p class="totop"><a href="#summary">back to summary</a></p>
<h3 id="m13">com.hrm.testcases.TC_003_VerifyAdminModule#verifyAdminPageContents</h3><table class="result"><tr><th class="invisible"/></tr></table><p class="totop"><a href="#summary">back to summary</a></p>
<h3 id="m14">com.hrm.testcases.TC_003_VerifyAdminModule#verifyExistingEmployeeNameRecords</h3><table class="result"><tr><th class="invisible"/></tr></table><p class="totop"><a href="#summary">back to summary</a></p>
<h3 id="m15">com.hrm.testcases.TC_003_VerifyAdminModule#verifyResultsForStatusDisabled</h3><table class="result"><tr><th class="invisible"/></tr></table><p class="totop"><a href="#summary">back to summary</a></p>
<h3 id="m16">com.hrm.testcases.TC_003_VerifyAdminModule#verifyResultsForStatusEnabled</h3><table class="result"><tr><th class="invisible"/></tr></table><p class="totop"><a href="#summary">back to summary</a></p>
<h3 id="m17">com.hrm.testcases.TC_003_VerifyAdminModule#verifyResultsForUserRoleAdmin</h3><table class="result"><tr><th class="invisible"/></tr></table><p class="totop"><a href="#summary">back to summary</a></p>
<h3 id="m18">com.hrm.testcases.TC_003_VerifyAdminModule#verifyResultsForUserRoleESS</h3><table class="result"><tr><th class="invisible"/></tr></table><p class="totop"><a href="#summary">back to summary</a></p>
<h3 id="m19">com.hrm.testcases.TC_003_VerifyAdminModule#verifySearchResultWithExistingUsername</h3><table class="result"><tr><th class="invisible"/></tr></table><p class="totop"><a href="#summary">back to summary</a></p>
<h3 id="m20">com.hrm.testcases.TC_003_VerifyAdminModule#verifyStatusAfterAddingNewUser</h3><table class="result"><tr><th class="invisible"/></tr></table><p class="totop"><a href="#summary">back to summary</a></p>
<h3 id="m21">com.hrm.testcases.TC_003_VerifyAdminModule#verifyStatusContentsInDropDown</h3><table class="result"><tr><th class="invisible"/></tr></table><p class="totop"><a href="#summary">back to summary</a></p>
<h3 id="m22">com.hrm.testcases.TC_003_VerifyAdminModule#verifyUserRoleOptions</h3><table class="result"><tr><th class="invisible"/></tr></table><p class="totop"><a href="#summary">back to summary</a></p>
<h3 id="m23">com.hrm.testcases.TC_005_VerifyLogoutModule#verifyContentsOfTheUserProfileBtn</h3><table class="result"><tr><th class="invisible"/></tr></table><p class="totop"><a href="#summary">back to summary</a></p>
<h3 id="m24">com.hrm.testcases.TC_005_VerifyLogoutModule#verifyLogout</h3><table class="result"><tr><th class="invisible"/></tr></table><p class="totop"><a href="#summary">back to summary</a></p>
<h3 id="m25">com.hrm.testcases.TC_007_VerifyDashboardModule#verifyDashboardPageContents</h3><table class="result"><tr><th class="invisible"/></tr></table><p class="totop"><a href="#summary">back to summary</a></p>
<h2>HrmTest2</h2><h3 id="m26">com.hrm.testcases.TC_006_DataDrivenTestingFor3FailedAttempts#verifyLoginWithThreeWrongAttempts</h3><table class="result"><tr class="param"><th>Parameter #1</th><th>Parameter #2</th></tr><tr class="param stripe"><td>Admin3</td><td>pass3</td></tr><tr><th colspan="2">Exception</th></tr><tr><td colspan="2"><div class="stacktrace">java.lang.AssertionError: The following asserts failed:
	expected [true] but found [false],
	expected [true] but found [false],
	expected [true] but found [false]
	at com.hrm.testcases.TC_006_DataDrivenTestingFor3FailedAttempts.verifyLoginWithThreeWrongAttempts(TC_006_DataDrivenTestingFor3FailedAttempts.java:46)
	at java.base/java.util.ArrayList.forEach(ArrayList.java:1511)
... Removed 27 stack frames</div></td></tr></table><p class="totop"><a href="#summary">back to summary</a></p>
<h3 id="m27">com.hrm.testcases.TC_006_DataDrivenTestingFor3FailedAttempts#verifyLoginWithThreeWrongAttempts</h3><table class="result"><tr class="param"><th>Parameter #1</th><th>Parameter #2</th></tr><tr class="param stripe"><td>Admin2</td><td>pass2</td></tr><tr><th colspan="2">Exception</th></tr><tr><td colspan="2"><div class="stacktrace">java.lang.AssertionError: The following asserts failed:
	expected [true] but found [false],
	expected [true] but found [false]
	at com.hrm.testcases.TC_006_DataDrivenTestingFor3FailedAttempts.verifyLoginWithThreeWrongAttempts(TC_006_DataDrivenTestingFor3FailedAttempts.java:46)
	at java.base/java.util.ArrayList.forEach(ArrayList.java:1511)
... Removed 27 stack frames</div></td></tr></table><p class="totop"><a href="#summary">back to summary</a></p>
<h3 id="m28">com.hrm.testcases.TC_006_DataDrivenTestingFor3FailedAttempts#verifyLoginWithThreeWrongAttempts</h3><table class="result"><tr class="param"><th>Parameter #1</th><th>Parameter #2</th></tr><tr class="param stripe"><td>Admin1</td><td>pass1</td></tr><tr><th colspan="2">Exception</th></tr><tr><td colspan="2"><div class="stacktrace">java.lang.AssertionError: The following asserts failed:
	expected [true] but found [false]
	at com.hrm.testcases.TC_006_DataDrivenTestingFor3FailedAttempts.verifyLoginWithThreeWrongAttempts(TC_006_DataDrivenTestingFor3FailedAttempts.java:46)
	at java.base/java.util.ArrayList.forEach(ArrayList.java:1511)
... Removed 27 stack frames</div></td></tr></table><p class="totop"><a href="#summary">back to summary</a></p>
</body>
</html>
